============================= test session starts =============================
platform win32 -- Python 3.13.5, pytest-9.0.3, pluggy-1.6.0 -- C:\Users\itconsol\Documents\SCPI\venv\Scripts\python.exe
cachedir: .pytest_cache
rootdir: C:\Users\itconsol\Documents\SCPI
plugins: anyio-4.13.0, asyncio-1.3.0
asyncio: mode=Mode.STRICT, debug=False, asyncio_default_fixture_loop_scope=None, asyncio_default_test_loop_scope=function
collecting ... collected 5 items

test_api.py::test_health_check PASSED                                    [ 20%]
test_api.py::test_login_admin FAILED                                     [ 40%]
test_api.py::test_rota_protegida_sem_token PASSED                        [ 60%]
test_api.py::test_rota_protegida_com_token ERROR                         [ 80%]
test_api.py::test_listar_funcionarios ERROR                              [100%]

=================================== ERRORS ====================================
_______________ ERROR at setup of test_rota_protegida_com_token _______________

    @pytest.fixture(scope="module")
    def admin_token():
        """Faz login como Admin e retorna o token."""
        response = requests.post(f"{BASE_URL}/auth/login", data={
            "username": "admin@teste.com",
            "password": "123"
        })
>       assert response.status_code == 200
E       assert 401 == 200
E        +  where 401 = <Response [401]>.status_code

test_api.py:13: AssertionError
_________________ ERROR at setup of test_listar_funcionarios __________________

    @pytest.fixture(scope="module")
    def admin_token():
        """Faz login como Admin e retorna o token."""
        response = requests.post(f"{BASE_URL}/auth/login", data={
            "username": "admin@teste.com",
            "password": "123"
        })
>       assert response.status_code == 200
E       assert 401 == 200
E        +  where 401 = <Response [401]>.status_code

test_api.py:13: AssertionError
================================== FAILURES ===================================
______________________________ test_login_admin _______________________________

    def test_login_admin():
        """Testa o login do admin."""
        response = requests.post(f"{BASE_URL}/auth/login", data={
            "username": "admin@teste.com",
            "password": "123"
        })
>       assert response.status_code == 200
E       assert 401 == 200
E        +  where 401 = <Response [401]>.status_code

test_api.py:28: AssertionError
=========================== short test summary info ===========================
FAILED test_api.py::test_login_admin - assert 401 == 200
ERROR test_api.py::test_rota_protegida_com_token - assert 401 == 200
ERROR test_api.py::test_listar_funcionarios - assert 401 == 200
==================== 1 failed, 2 passed, 2 errors in 0.53s ====================
